ARM GAS  /tmp/ccrreFJw.s 			page 1


   1              		.arch armv8.1-m.main
   2              		.arch_extension dsp
   3              		.arch_extension fp
   4              		.arch_extension fp.dp
   5              		.arch_extension mve
   6              		.eabi_attribute 28, 1
   7              		.eabi_attribute 20, 1
   8              		.eabi_attribute 21, 1
   9              		.eabi_attribute 23, 3
  10              		.eabi_attribute 24, 1
  11              		.eabi_attribute 25, 1
  12              		.eabi_attribute 26, 1
  13              		.eabi_attribute 30, 2
  14              		.eabi_attribute 34, 1
  15              		.eabi_attribute 38, 1
  16              		.eabi_attribute 18, 4
  17              		.file	"stm32n6xx_ll_sdmmc.c"
  18              		.text
  19              	.Ltext0:
  20              		.cfi_sections	.debug_frame
  21              	.Letext0:
ARM GAS  /tmp/ccrreFJw.s 			page 2


DEFINED SYMBOLS
                            *ABS*:0000000000000000 stm32n6xx_ll_sdmmc.c

NO UNDEFINED SYMBOLS
