ARM GAS  /tmp/ccbc6gyF.s 			page 1


   1              		.arch armv8.1-m.main
   2              		.arch_extension dsp
   3              		.arch_extension fp
   4              		.arch_extension fp.dp
   5              		.arch_extension mve
   6              		.eabi_attribute 28, 1
   7              		.eabi_attribute 20, 1
   8              		.eabi_attribute 21, 1
   9              		.eabi_attribute 23, 3
  10              		.eabi_attribute 24, 1
  11              		.eabi_attribute 25, 1
  12              		.eabi_attribute 26, 1
  13              		.eabi_attribute 30, 2
  14              		.eabi_attribute 34, 1
  15              		.eabi_attribute 38, 1
  16              		.eabi_attribute 18, 4
  17              		.file	"system_stm32n6xx_ns.c"
  18              		.text
  19              	.Ltext0:
  20              		.cfi_sections	.debug_frame
  21              		.section	.text.SystemInit,"ax",%progbits
  22              		.align	1
  23              		.p2align 2,,3
  24              		.global	SystemInit
  25              		.arch armv8.1-m.main
  26              		.arch_extension dsp
  27              		.arch_extension fp
  28              		.arch_extension fp.dp
  29              		.arch_extension mve
  30              		.syntax unified
  31              		.thumb
  32              		.thumb_func
  33              		.fpu fpv5-d16
  35              	SystemInit:
  36              	.LFB808:
  37              		.file 1 "Core/Src/system_stm32n6xx_ns.c"
   1:Core/Src/system_stm32n6xx_ns.c **** /**
   2:Core/Src/system_stm32n6xx_ns.c ****   ******************************************************************************
   3:Core/Src/system_stm32n6xx_ns.c ****   * @file    system_stm32n6xx_ns.c
   4:Core/Src/system_stm32n6xx_ns.c ****   * @author  GPM Application Team
   5:Core/Src/system_stm32n6xx_ns.c ****   * @brief   CMSIS Cortex-M55 Device Peripheral Access Layer System Source File
   6:Core/Src/system_stm32n6xx_ns.c ****   *          to be used in non-secure application when the system implements
   7:Core/Src/system_stm32n6xx_ns.c ****   *          the TrustZone-M security.
   8:Core/Src/system_stm32n6xx_ns.c ****   *
   9:Core/Src/system_stm32n6xx_ns.c ****   *   This file provides two functions and one global variable to be called from
  10:Core/Src/system_stm32n6xx_ns.c ****   *   user application:
  11:Core/Src/system_stm32n6xx_ns.c ****   *      - SystemInit(): This function is called at non-secure startup before
  12:Core/Src/system_stm32n6xx_ns.c ****   *                      branch to non-secure main program.
  13:Core/Src/system_stm32n6xx_ns.c ****   *                      This call is made inside the "startup_stm32n6xx.s" file.
  14:Core/Src/system_stm32n6xx_ns.c ****   *
  15:Core/Src/system_stm32n6xx_ns.c ****   *      - SystemCoreClock variable: Contains the core clock (HCLK), it can be used
  16:Core/Src/system_stm32n6xx_ns.c ****   *                                  by the user application to setup the SysTick
  17:Core/Src/system_stm32n6xx_ns.c ****   *                                  timer or configure other parameters.
  18:Core/Src/system_stm32n6xx_ns.c ****   *
  19:Core/Src/system_stm32n6xx_ns.c ****   *      - SystemCoreClockUpdate(): Updates the variable SystemCoreClock and must
  20:Core/Src/system_stm32n6xx_ns.c ****   *                                 be called whenever the core clock is changed
  21:Core/Src/system_stm32n6xx_ns.c ****   *                                 during program execution.
ARM GAS  /tmp/ccbc6gyF.s 			page 2


  22:Core/Src/system_stm32n6xx_ns.c ****   *
  23:Core/Src/system_stm32n6xx_ns.c ****   *   After each device reset the HSI (64 MHz) is used as system clock source.
  24:Core/Src/system_stm32n6xx_ns.c ****   *   Then SystemInit() function is called, in "startup_stm32n6xx.s" file, to
  25:Core/Src/system_stm32n6xx_ns.c ****   *   configure the system clock before to branch to main secure program.
  26:Core/Src/system_stm32n6xx_ns.c ****   *   Later, when non-secure SystemInit() function is called, in "startup_stm32n6xx.s"
  27:Core/Src/system_stm32n6xx_ns.c ****   *   file, the system clock may have been updated from reset value by the main
  28:Core/Src/system_stm32n6xx_ns.c ****   *   secure program.
  29:Core/Src/system_stm32n6xx_ns.c ****   *
  30:Core/Src/system_stm32n6xx_ns.c ****   ******************************************************************************
  31:Core/Src/system_stm32n6xx_ns.c ****   * @attention
  32:Core/Src/system_stm32n6xx_ns.c ****   *
  33:Core/Src/system_stm32n6xx_ns.c ****   * Copyright (c) 2024 STMicroelectronics.
  34:Core/Src/system_stm32n6xx_ns.c ****   * All rights reserved.
  35:Core/Src/system_stm32n6xx_ns.c ****   *
  36:Core/Src/system_stm32n6xx_ns.c ****   * This software is licensed under terms that can be found in the LICENSE file
  37:Core/Src/system_stm32n6xx_ns.c ****   * in the root directory of this software component.
  38:Core/Src/system_stm32n6xx_ns.c ****   * If no LICENSE file comes with this software, it is provided AS-IS.
  39:Core/Src/system_stm32n6xx_ns.c ****   *
  40:Core/Src/system_stm32n6xx_ns.c ****   ******************************************************************************
  41:Core/Src/system_stm32n6xx_ns.c ****   */
  42:Core/Src/system_stm32n6xx_ns.c **** 
  43:Core/Src/system_stm32n6xx_ns.c **** /** @addtogroup CMSIS
  44:Core/Src/system_stm32n6xx_ns.c ****   * @{
  45:Core/Src/system_stm32n6xx_ns.c ****   */
  46:Core/Src/system_stm32n6xx_ns.c **** 
  47:Core/Src/system_stm32n6xx_ns.c **** /** @addtogroup STM32N6xx_System
  48:Core/Src/system_stm32n6xx_ns.c ****   * @{
  49:Core/Src/system_stm32n6xx_ns.c ****   */
  50:Core/Src/system_stm32n6xx_ns.c **** 
  51:Core/Src/system_stm32n6xx_ns.c **** /** @addtogroup STM32N6xx_System_Private_Includes
  52:Core/Src/system_stm32n6xx_ns.c ****   * @{
  53:Core/Src/system_stm32n6xx_ns.c ****   */
  54:Core/Src/system_stm32n6xx_ns.c **** 
  55:Core/Src/system_stm32n6xx_ns.c **** #include "stm32n6xx.h"
  56:Core/Src/system_stm32n6xx_ns.c **** #include <math.h>
  57:Core/Src/system_stm32n6xx_ns.c **** #include "stm32n6xx_hal.h"
  58:Core/Src/system_stm32n6xx_ns.c **** 
  59:Core/Src/system_stm32n6xx_ns.c **** /**
  60:Core/Src/system_stm32n6xx_ns.c ****   * @}
  61:Core/Src/system_stm32n6xx_ns.c ****   */
  62:Core/Src/system_stm32n6xx_ns.c **** 
  63:Core/Src/system_stm32n6xx_ns.c **** /** @addtogroup STM32N6xx_System_Private_TypesDefinitions
  64:Core/Src/system_stm32n6xx_ns.c ****   * @{
  65:Core/Src/system_stm32n6xx_ns.c ****   */
  66:Core/Src/system_stm32n6xx_ns.c **** 
  67:Core/Src/system_stm32n6xx_ns.c **** /**
  68:Core/Src/system_stm32n6xx_ns.c ****   * @}
  69:Core/Src/system_stm32n6xx_ns.c ****   */
  70:Core/Src/system_stm32n6xx_ns.c **** 
  71:Core/Src/system_stm32n6xx_ns.c **** /** @addtogroup STM32N6xx_System_Private_Defines
  72:Core/Src/system_stm32n6xx_ns.c ****   * @{
  73:Core/Src/system_stm32n6xx_ns.c ****   */
  74:Core/Src/system_stm32n6xx_ns.c **** #if !defined  (HSE_VALUE)
  75:Core/Src/system_stm32n6xx_ns.c ****   #define HSE_VALUE    48000000UL /*!< Value of the High-Speed External oscillator in Hz */
  76:Core/Src/system_stm32n6xx_ns.c **** #endif /* HSE_VALUE */
  77:Core/Src/system_stm32n6xx_ns.c **** 
  78:Core/Src/system_stm32n6xx_ns.c **** #if !defined  (HSI_VALUE)
ARM GAS  /tmp/ccbc6gyF.s 			page 3


  79:Core/Src/system_stm32n6xx_ns.c ****   #define HSI_VALUE    64000000UL /*!< Value of the High-Speed Internal oscillator in Hz */
  80:Core/Src/system_stm32n6xx_ns.c **** #endif /* HSI_VALUE */
  81:Core/Src/system_stm32n6xx_ns.c **** 
  82:Core/Src/system_stm32n6xx_ns.c **** #if !defined  (MSI_VALUE)
  83:Core/Src/system_stm32n6xx_ns.c ****   #define MSI_VALUE    4000000U  /*!< Value of the Low-power Internal oscillator in Hz */
  84:Core/Src/system_stm32n6xx_ns.c **** #endif /* MSI_VALUE */
  85:Core/Src/system_stm32n6xx_ns.c **** 
  86:Core/Src/system_stm32n6xx_ns.c **** /* Note: Following vector table addresses must be defined in line with linker
  87:Core/Src/system_stm32n6xx_ns.c ****          configuration. */
  88:Core/Src/system_stm32n6xx_ns.c **** /*!< Uncomment the following line if you need to relocate the vector table
  89:Core/Src/system_stm32n6xx_ns.c ****      anywhere in Flash or Sram, else the vector table is kept at the automatic
  90:Core/Src/system_stm32n6xx_ns.c ****      remap of boot address selected */
  91:Core/Src/system_stm32n6xx_ns.c **** /* #define USER_VECT_TAB_ADDRESS */
  92:Core/Src/system_stm32n6xx_ns.c **** 
  93:Core/Src/system_stm32n6xx_ns.c **** #if defined(USER_VECT_TAB_ADDRESS)
  94:Core/Src/system_stm32n6xx_ns.c **** /*!< Uncomment the following line if you need to relocate your vector Table
  95:Core/Src/system_stm32n6xx_ns.c ****      in Sram else user remap will be done in Flash. */
  96:Core/Src/system_stm32n6xx_ns.c **** /* #define VECT_TAB_SRAM */
  97:Core/Src/system_stm32n6xx_ns.c **** 
  98:Core/Src/system_stm32n6xx_ns.c **** #if defined(VECT_TAB_SRAM)
  99:Core/Src/system_stm32n6xx_ns.c **** #if !defined(VECT_TAB_BASE_ADDRESS)
 100:Core/Src/system_stm32n6xx_ns.c **** #define VECT_TAB_BASE_ADDRESS   0x28000000U     /*!< Vector Table base address field.
 101:Core/Src/system_stm32n6xx_ns.c ****                                                      This value must be a multiple of 0x400. */
 102:Core/Src/system_stm32n6xx_ns.c **** #endif
 103:Core/Src/system_stm32n6xx_ns.c **** #if !defined(VECT_TAB_OFFSET)
 104:Core/Src/system_stm32n6xx_ns.c **** #define VECT_TAB_OFFSET         0x00000000U     /*!< Vector Table base offset field.
 105:Core/Src/system_stm32n6xx_ns.c ****                                                      This value must be a multiple of 0x400. */
 106:Core/Src/system_stm32n6xx_ns.c **** #endif
 107:Core/Src/system_stm32n6xx_ns.c **** #else
 108:Core/Src/system_stm32n6xx_ns.c **** #if !defined(VECT_TAB_BASE_ADDRESS)
 109:Core/Src/system_stm32n6xx_ns.c **** #define VECT_TAB_BASE_ADDRESS   ITCM_BASE_NS    /*!< Vector Table base address field.
 110:Core/Src/system_stm32n6xx_ns.c ****                                                      This value must be a multiple of 0x400. */
 111:Core/Src/system_stm32n6xx_ns.c **** #endif
 112:Core/Src/system_stm32n6xx_ns.c **** #if !defined(VECT_TAB_OFFSET)
 113:Core/Src/system_stm32n6xx_ns.c **** #define VECT_TAB_OFFSET         0x00000000U     /*!< Vector Table base offset field.
 114:Core/Src/system_stm32n6xx_ns.c ****                                                      This value must be a multiple of 0x400. */
 115:Core/Src/system_stm32n6xx_ns.c **** #endif
 116:Core/Src/system_stm32n6xx_ns.c **** #endif /* VECT_TAB_SRAM */
 117:Core/Src/system_stm32n6xx_ns.c **** #endif /* USER_VECT_TAB_ADDRESS */
 118:Core/Src/system_stm32n6xx_ns.c **** 
 119:Core/Src/system_stm32n6xx_ns.c **** /******************************************************************************/
 120:Core/Src/system_stm32n6xx_ns.c **** /**
 121:Core/Src/system_stm32n6xx_ns.c ****   * @}
 122:Core/Src/system_stm32n6xx_ns.c ****   */
 123:Core/Src/system_stm32n6xx_ns.c **** 
 124:Core/Src/system_stm32n6xx_ns.c **** /** @addtogroup STM32N6xx_System_Private_Macros
 125:Core/Src/system_stm32n6xx_ns.c ****   * @{
 126:Core/Src/system_stm32n6xx_ns.c ****   */
 127:Core/Src/system_stm32n6xx_ns.c **** 
 128:Core/Src/system_stm32n6xx_ns.c **** /**
 129:Core/Src/system_stm32n6xx_ns.c ****   * @}
 130:Core/Src/system_stm32n6xx_ns.c ****   */
 131:Core/Src/system_stm32n6xx_ns.c **** 
 132:Core/Src/system_stm32n6xx_ns.c **** /** @addtogroup STM32N6xx_System_Private_Variables
 133:Core/Src/system_stm32n6xx_ns.c ****   * @{
 134:Core/Src/system_stm32n6xx_ns.c ****   */
 135:Core/Src/system_stm32n6xx_ns.c ****   /* The SystemCoreClock variable is updated in three ways:
ARM GAS  /tmp/ccbc6gyF.s 			page 4


 136:Core/Src/system_stm32n6xx_ns.c ****       1) by calling CMSIS function SystemCoreClockUpdate()
 137:Core/Src/system_stm32n6xx_ns.c ****       2) by calling HAL API function HAL_RCC_GetHCLKFreq()
 138:Core/Src/system_stm32n6xx_ns.c ****       3) each time HAL_RCC_ClockConfig() is called to configure the system clock frequency
 139:Core/Src/system_stm32n6xx_ns.c ****          Note: If you use this function to configure the system clock; then there
 140:Core/Src/system_stm32n6xx_ns.c ****                is no need to call the 2 first functions listed above, since SystemCoreClock
 141:Core/Src/system_stm32n6xx_ns.c ****                variable is updated automatically.
 142:Core/Src/system_stm32n6xx_ns.c ****   */
 143:Core/Src/system_stm32n6xx_ns.c ****   uint32_t SystemCoreClock = HSI_VALUE;
 144:Core/Src/system_stm32n6xx_ns.c **** 
 145:Core/Src/system_stm32n6xx_ns.c ****   const uint8_t CorePrescTable[8] = {1U, 2U, 3U, 4U, 5U, 6U, 7U, 8U};
 146:Core/Src/system_stm32n6xx_ns.c **** /**
 147:Core/Src/system_stm32n6xx_ns.c ****   * @}
 148:Core/Src/system_stm32n6xx_ns.c ****   */
 149:Core/Src/system_stm32n6xx_ns.c **** 
 150:Core/Src/system_stm32n6xx_ns.c **** /** @addtogroup STM32N6xx_System_Private_FunctionPrototypes
 151:Core/Src/system_stm32n6xx_ns.c ****   * @{
 152:Core/Src/system_stm32n6xx_ns.c ****   */
 153:Core/Src/system_stm32n6xx_ns.c **** 
 154:Core/Src/system_stm32n6xx_ns.c **** /**
 155:Core/Src/system_stm32n6xx_ns.c ****   * @}
 156:Core/Src/system_stm32n6xx_ns.c ****   */
 157:Core/Src/system_stm32n6xx_ns.c **** 
 158:Core/Src/system_stm32n6xx_ns.c **** /** @addtogroup STM32N6xx_System_Private_Functions
 159:Core/Src/system_stm32n6xx_ns.c ****   * @{
 160:Core/Src/system_stm32n6xx_ns.c ****   */
 161:Core/Src/system_stm32n6xx_ns.c **** 
 162:Core/Src/system_stm32n6xx_ns.c **** /**
 163:Core/Src/system_stm32n6xx_ns.c ****   * @brief  Setup the microcontroller system.
 164:Core/Src/system_stm32n6xx_ns.c ****   * @retval None
 165:Core/Src/system_stm32n6xx_ns.c ****   */
 166:Core/Src/system_stm32n6xx_ns.c **** void SystemInit(void)
 167:Core/Src/system_stm32n6xx_ns.c **** {
  38              		.loc 1 167 1 view -0
  39              		.cfi_startproc
  40              		@ args = 0, pretend = 0, frame = 0
  41              		@ frame_needed = 0, uses_anonymous_args = 0
  42              		@ link register save eliminated.
 168:Core/Src/system_stm32n6xx_ns.c ****   /* Vector table location and FPU setup done by secure application */
 169:Core/Src/system_stm32n6xx_ns.c ****   /* Configure the Vector Table location -------------------------------------*/
 170:Core/Src/system_stm32n6xx_ns.c **** #if defined(USER_VECT_TAB_ADDRESS)
 171:Core/Src/system_stm32n6xx_ns.c ****   SCB->VTOR = VECT_TAB_BASE_ADDRESS | VECT_TAB_OFFSET;
 172:Core/Src/system_stm32n6xx_ns.c **** #endif
 173:Core/Src/system_stm32n6xx_ns.c **** 
 174:Core/Src/system_stm32n6xx_ns.c ****   /* Non-secure main application shall call SystemCoreClockUpdate() to update */
 175:Core/Src/system_stm32n6xx_ns.c ****   /* the SystemCoreClock variable to insure non-secure application relies on  */
 176:Core/Src/system_stm32n6xx_ns.c ****   /* the initial clock reference set by secure application.                   */
 177:Core/Src/system_stm32n6xx_ns.c **** }
  43              		.loc 1 177 1 view .LVU1
  44 0000 7047     		bx	lr
  45              		.cfi_endproc
  46              	.LFE808:
  48 0002 00BF     		.section	.text.SystemCoreClockUpdate,"ax",%progbits
  49              		.align	1
  50              		.p2align 2,,3
  51              		.global	SystemCoreClockUpdate
  52              		.syntax unified
  53              		.thumb
ARM GAS  /tmp/ccbc6gyF.s 			page 5


  54              		.thumb_func
  55              		.fpu fpv5-d16
  57              	SystemCoreClockUpdate:
  58              	.LFB809:
 178:Core/Src/system_stm32n6xx_ns.c **** 
 179:Core/Src/system_stm32n6xx_ns.c **** /**
 180:Core/Src/system_stm32n6xx_ns.c ****   * @brief  Update SystemCoreClock variable according to Clock Register Values.
 181:Core/Src/system_stm32n6xx_ns.c ****   *         The SystemCoreClock variable contains the core clock (HCLK), it can
 182:Core/Src/system_stm32n6xx_ns.c ****   *         be used by the user application to setup the SysTick timer or configure
 183:Core/Src/system_stm32n6xx_ns.c ****   *         other parameters.
 184:Core/Src/system_stm32n6xx_ns.c ****   *
 185:Core/Src/system_stm32n6xx_ns.c ****   * @note   From the non-secure application, the SystemCoreClock value is
 186:Core/Src/system_stm32n6xx_ns.c ****   *         retrieved from the secure domain via a Non-Secure Callable function
 187:Core/Src/system_stm32n6xx_ns.c ****   *         since the RCC peripheral may be protected with security attributes
 188:Core/Src/system_stm32n6xx_ns.c ****   *         that prevent to compute the SystemCoreClock variable from the RCC
 189:Core/Src/system_stm32n6xx_ns.c ****   *         peripheral registers.
 190:Core/Src/system_stm32n6xx_ns.c ****   *
 191:Core/Src/system_stm32n6xx_ns.c ****   * @note   Each time the core clock (HCLK) changes, this function must be called
 192:Core/Src/system_stm32n6xx_ns.c ****   *         to update SystemCoreClock variable value. Otherwise, any configuration
 193:Core/Src/system_stm32n6xx_ns.c ****   *         based on this variable will be incorrect.
 194:Core/Src/system_stm32n6xx_ns.c ****   *
 195:Core/Src/system_stm32n6xx_ns.c ****   * @note   - The system frequency computed by this function is not the real
 196:Core/Src/system_stm32n6xx_ns.c ****   *           frequency in the chip. It is calculated based on the predefined
 197:Core/Src/system_stm32n6xx_ns.c ****   *           constant and the selected clock source:
 198:Core/Src/system_stm32n6xx_ns.c ****   *
 199:Core/Src/system_stm32n6xx_ns.c ****   *           - If SYSCLK source is HSI, SystemCoreClock will contain the HSI_VALUE(*)
 200:Core/Src/system_stm32n6xx_ns.c ****   *
 201:Core/Src/system_stm32n6xx_ns.c ****   *           - If SYSCLK source is CSI, SystemCoreClock will contain the CSI_VALUE(**)
 202:Core/Src/system_stm32n6xx_ns.c ****   *
 203:Core/Src/system_stm32n6xx_ns.c ****   *           - If SYSCLK source is HSE, SystemCoreClock will contain the HSE_VALUE(***)
 204:Core/Src/system_stm32n6xx_ns.c ****   *
 205:Core/Src/system_stm32n6xx_ns.c ****   *           - If SYSCLK source is PLL, SystemCoreClock will contain the HSI_VALUE(*)
 206:Core/Src/system_stm32n6xx_ns.c ****   *             or CSI_VALUE(**) or HSE_VALUE(***) multiplied/divided by the PLL factors.
 207:Core/Src/system_stm32n6xx_ns.c ****   *
 208:Core/Src/system_stm32n6xx_ns.c ****   *         (*) HSI_VALUE is a constant defined in stm32n6xx_hal.h file (default value
 209:Core/Src/system_stm32n6xx_ns.c ****   *              64 MHz) but the real value may vary depending on the variations
 210:Core/Src/system_stm32n6xx_ns.c ****   *              in voltage and temperature.
 211:Core/Src/system_stm32n6xx_ns.c ****   *
 212:Core/Src/system_stm32n6xx_ns.c ****   *         (**) CSI_VALUE is a constant defined in stm32n6xx_hal.h file (default value
 213:Core/Src/system_stm32n6xx_ns.c ****   *             4 MHz) but the real value may vary depending on the variations
 214:Core/Src/system_stm32n6xx_ns.c ****   *             in voltage and temperature.
 215:Core/Src/system_stm32n6xx_ns.c ****   *
 216:Core/Src/system_stm32n6xx_ns.c ****   *         (***) HSE_VALUE is a constant defined in stm32n6xx_hal.h file (default value
 217:Core/Src/system_stm32n6xx_ns.c ****   *              16 MHz), user has to ensure that HSE_VALUE is same as the real
 218:Core/Src/system_stm32n6xx_ns.c ****   *              frequency of the crystal used. Otherwise, this function may
 219:Core/Src/system_stm32n6xx_ns.c ****   *              have wrong result.
 220:Core/Src/system_stm32n6xx_ns.c ****   *
 221:Core/Src/system_stm32n6xx_ns.c ****   *         - The result of this function could be not correct when using fractional
 222:Core/Src/system_stm32n6xx_ns.c ****   *           value for HSE crystal.
 223:Core/Src/system_stm32n6xx_ns.c ****   *
 224:Core/Src/system_stm32n6xx_ns.c ****   * @retval None
 225:Core/Src/system_stm32n6xx_ns.c ****   */
 226:Core/Src/system_stm32n6xx_ns.c **** void SystemCoreClockUpdate(void)
 227:Core/Src/system_stm32n6xx_ns.c **** {
  59              		.loc 1 227 1 view -0
  60              		.cfi_startproc
  61              		@ args = 0, pretend = 0, frame = 0
ARM GAS  /tmp/ccbc6gyF.s 			page 6


  62              		@ frame_needed = 0, uses_anonymous_args = 0
  63              		@ link register save eliminated.
 228:Core/Src/system_stm32n6xx_ns.c ****   /* Get the SystemCoreClock value from the secure domain */
 229:Core/Src/system_stm32n6xx_ns.c ****   /* Non-secure standalone: calculate SystemCoreClock directly */
 230:Core/Src/system_stm32n6xx_ns.c ****   SystemCoreClock = 64000000U;
  64              		.loc 1 230 3 view .LVU3
  65              		.loc 1 230 19 is_stmt 0 view .LVU4
  66 0000 014B     		ldr	r3, .L4
  67 0002 024A     		ldr	r2, .L4+4
  68 0004 1A60     		str	r2, [r3]
 231:Core/Src/system_stm32n6xx_ns.c **** }
  69              		.loc 1 231 1 view .LVU5
  70 0006 7047     		bx	lr
  71              	.L5:
  72              		.align	2
  73              	.L4:
  74 0008 00000000 		.word	.LANCHOR0
  75 000c 0090D003 		.word	64000000
  76              		.cfi_endproc
  77              	.LFE809:
  79              		.global	CorePrescTable
  80              		.global	SystemCoreClock
  81              		.section	.data.SystemCoreClock,"aw"
  82              		.align	2
  83              		.set	.LANCHOR0,. + 0
  86              	SystemCoreClock:
  87 0000 0090D003 		.word	64000000
  88              		.section	.rodata.CorePrescTable,"a"
  89              		.align	2
  92              	CorePrescTable:
  93 0000 01020304 		.ascii	"\001\002\003\004\005\006\007\010"
  93      05060708 
  94              		.text
  95              	.Letext0:
  96              		.file 2 "/usr/lib/gcc/arm-none-eabi/10.3.1/include/stdint.h"
  97              		.file 3 "Drivers/CMSIS/Device/ST/STM32N6xx/Include/system_stm32n6xx.h"
ARM GAS  /tmp/ccbc6gyF.s 			page 7


DEFINED SYMBOLS
                            *ABS*:0000000000000000 system_stm32n6xx_ns.c
     /tmp/ccbc6gyF.s:22     .text.SystemInit:0000000000000000 $t
     /tmp/ccbc6gyF.s:35     .text.SystemInit:0000000000000000 SystemInit
     /tmp/ccbc6gyF.s:49     .text.SystemCoreClockUpdate:0000000000000000 $t
     /tmp/ccbc6gyF.s:57     .text.SystemCoreClockUpdate:0000000000000000 SystemCoreClockUpdate
     /tmp/ccbc6gyF.s:74     .text.SystemCoreClockUpdate:0000000000000008 $d
     /tmp/ccbc6gyF.s:92     .rodata.CorePrescTable:0000000000000000 CorePrescTable
     /tmp/ccbc6gyF.s:86     .data.SystemCoreClock:0000000000000000 SystemCoreClock
     /tmp/ccbc6gyF.s:82     .data.SystemCoreClock:0000000000000000 $d
     /tmp/ccbc6gyF.s:89     .rodata.CorePrescTable:0000000000000000 $d

NO UNDEFINED SYMBOLS
